<?xml version="1.0" encoding="utf-8"?><testsuites name="pytest tests"><testsuite name="pytest" errors="0" failures="0" skipped="0" tests="6" time="1.633" timestamp="2026-08-10T03:56:37.584826+00:00" hostname="agent-env-25b7a0bd-6f6b-4cf8-8d79-732896deddda"><testcase classname="tests.backend_test" name="test_root" time="0.269" /><testcase classname="tests.backend_test" name="test_takes_crud_and_persistence" time="0.253" /><testcase classname="tests.backend_test" name="test_delete_unknown_take_returns_404" time="0.053" /><testcase classname="tests.backend_test" name="test_progress_upsert_and_get" time="0.143" /><testcase classname="tests.backend_test" name="test_stats_shape" time="0.048" /><testcase classname="tests.backend_test" name="test_stats_reflects_new_take" time="0.241" /></testsuite></testsuites>